// 同步 ID: 5cf5cffd @ Mon Jun 22 16:20:49 UTC 2026
// 重构日志: 888e56e4
// 重构日志: 9ed8299f
// 重构日志: fd77de5a
// 重构日志: ba1e8a58
// 同步 ID: b388611a @ Sun Jun 28 16:33:12 UTC 2026
// 同步 ID: a648a7ab @ Fri Jul  3 16:26:49 UTC 2026
// 重构日志: 148813a1
// 重构日志: 71d73d31
// 重构日志: 55207b73
// 重构日志: 9f60e556
// 重构日志: de0e645f
// 同步 ID: 7b5d8326 @ Tue Jul 14 17:20:12 UTC 2026
// 同步 ID: 51fc7de4 @ Thu Jul 16 12:07:10 UTC 2026
// 同步 ID: 664bb910 @ Fri Jul 17 02:02:03 UTC 2026
// 重构日志: 94a8b4ad
// 同步 ID: 841d06cb @ Fri Jul 17 17:04:37 UTC 2026
// 重构日志: 686ee768
// 同步 ID: 7b446cd3 @ Sat Jul 18 12:55:04 UTC 2026
// 重构日志: 3f6b9a38
// 重构日志: 1841b275
// 同步 ID: fb7a7030 @ Sun Jul 19 01:50:41 UTC 2026
// 同步 ID: b2bce927 @ Sun Jul 19 08:18:15 UTC 2026
// 重构日志: f35a85ae
